<?xml version="1.0" encoding="windows-1252" standalone="no"?>
<!DOCTYPE log SYSTEM "logger.dtd">
<log>
<record>
  <date>2012-09-10T14:52:09</date>
  <millis>1347268929470</millis>
  <sequence>0</sequence>
  <logger>WriteLogToFile</logger>
  <level>INFO</level>
  <class>WriteLogToFile</class>
  <method>main</method>
  <thread>1</thread>
  <message>Information message</message>
</record>
<record>
  <date>2012-09-10T14:52:09</date>
  <millis>1347268929517</millis>
  <sequence>1</sequence>
  <logger>WriteLogToFile</logger>
  <level>WARNING</level>
  <class>WriteLogToFile</class>
  <method>main</method>
  <thread>1</thread>
  <message>Warning message</message>
</record>
</log>
